<?xml version="1.0" encoding="UTF-8"?>
<testsuite name="org.example.passwordValidatorTest" tests="1" skipped="0" failures="0" errors="0" timestamp="2025-01-08T14:43:29" hostname="imincheol-ui-MacBookPro.local" time="0.049">
  <properties/>
  <testcase name="비밀번호가 최소 8자리 이상 12자리 이하면 예외가 발생하지 않는다." classname="org.example.passwordValidatorTest" time="0.049"/>
  <system-out><![CDATA[]]></system-out>
  <system-err><![CDATA[]]></system-err>
</testsuite>
